<?xml version="1.0" encoding="utf-8"?><testsuites><testsuite name="pytest" errors="0" failures="0" skipped="0" tests="20" time="6.387" timestamp="2025-11-16T22:37:33.733808" hostname="LAPTOP-2SGS0A3H"><testcase classname="tests.test_auth" name="test_login_and_access_protected_route" time="0.579" /><testcase classname="tests.test_auth" name="test_login_invalid_credentials" time="0.012" /><testcase classname="tests.test_chat" name="test_open_chat_requires_friends" time="0.418" /><testcase classname="tests.test_chat" name="test_open_chat_with_friends_and_send_message" time="0.450" /><testcase classname="tests.test_chat" name="test_upload_attachment_saves_file_and_returns_meta" time="0.433" /><testcase classname="tests.test_main" name="test_root_returns_welcome_message" time="0.008" /><testcase classname="tests.test_posts" name="test_create_post_and_comment_and_like" time="0.475" /><testcase classname="tests.test_study_calendar" name="test_get_daily_progress_no_data_returns_zero" time="0.214" /><testcase classname="tests.test_study_calendar" name="test_start_and_stop_session_with_monkeypatched_upsert" time="0.227" /><testcase classname="tests.test_study_calendar" name="test_calendar_returns_entries" time="0.219" /><testcase classname="tests.test_study_calendar_integration" name="test_upsert_daily_progress_raw_sql_inserts_new_record" time="0.224" /><testcase classname="tests.test_study_calendar_integration" name="test_upsert_daily_progress_raw_sql_updates_existing_record" time="0.233" /><testcase classname="tests.test_study_calendar_integration" name="test_get_calendar_returns_daily_progress_across_month" time="0.224" /><testcase classname="tests.test_study_calendar_integration" name="test_get_daily_progress_returns_zeros_for_date_with_no_activity" time="0.214" /><testcase classname="tests.test_study_calendar_integration" name="test_timezone_conversion_in_calendar_query" time="0.224" /><testcase classname="tests.test_users" name="test_create_user_success" time="0.209" /><testcase classname="tests.test_users" name="test_create_user_duplicate_email" time="0.215" /><testcase classname="tests.test_users" name="test_get_user_with_auth" time="0.212" /><testcase classname="tests.test_users" name="test_upload_avatar_and_update_profile" time="0.451" /><testcase classname="tests.test_users" name="test_follow_unfollow_and_lists" time="0.833" /></testsuite></testsuites>