<?xml version="1.0" encoding="utf-8"?><testsuites><testsuite name="pytest" errors="0" failures="0" skipped="0" tests="200" time="116.721" timestamp="2025-11-23T03:34:53.805589" hostname="LAPTOP-2SGS0A3H"><testcase classname="tests.test_admin" name="test_get_all_users_as_admin" time="0.860" /><testcase classname="tests.test_admin" name="test_get_single_user_admin" time="0.636" /><testcase classname="tests.test_admin" name="test_get_nonexistent_user_admin" time="0.648" /><testcase classname="tests.test_admin" name="test_get_reported_user_detail" time="0.829" /><testcase classname="tests.test_admin" name="test_ban_user" time="0.749" /><testcase classname="tests.test_admin" name="test_unban_user" time="0.747" /><testcase classname="tests.test_admin" name="test_get_all_reports_admin" time="0.416" /><testcase classname="tests.test_admin" name="test_get_user_stats_admin" time="0.428" /><testcase classname="tests.test_admin" name="test_search_reported_users" time="0.413" /><testcase classname="tests.test_admin" name="test_admin_dashboard_data" time="0.599" /><testcase classname="tests.test_amusing_scenarios.TestUserCreationVariations" name="test_create_user_all_caps_username" time="0.342" /><testcase classname="tests.test_amusing_scenarios.TestUserCreationVariations" name="test_create_user_lowercase_username" time="0.357" /><testcase classname="tests.test_amusing_scenarios.TestUserCreationVariations" name="test_create_user_mixed_case" time="0.346" /><testcase classname="tests.test_amusing_scenarios.TestUserCreationVariations" name="test_create_user_with_dots_in_email" time="0.337" /><testcase classname="tests.test_amusing_scenarios.TestUserCreationVariations" name="test_create_user_with_multiple_dots_in_email" time="0.337" /><testcase classname="tests.test_amusing_scenarios.TestUserCreationVariations" name="test_create_user_email_with_numbers" time="0.344" /><testcase classname="tests.test_amusing_scenarios.TestUserCreationVariations" name="test_create_user_very_long_valid_password" time="0.338" /><testcase classname="tests.test_amusing_scenarios.TestUserCreationVariations" name="test_create_multiple_users_sequence" time="1.361" /><testcase classname="tests.test_amusing_scenarios.TestLoginVariations" name="test_login_with_exact_email" time="0.648" /><testcase classname="tests.test_amusing_scenarios.TestLoginVariations" name="test_login_wrong_password_fails" time="0.656" /><testcase classname="tests.test_amusing_scenarios.TestLoginVariations" name="test_login_nonexistent_email" time="0.014" /><testcase classname="tests.test_amusing_scenarios.TestLoginVariations" name="test_successful_login_returns_token" time="0.421" /><testcase classname="tests.test_amusing_scenarios.TestLoginVariations" name="test_token_can_be_used_for_auth" time="0.415" /><testcase classname="tests.test_amusing_scenarios.TestAuthenticationState" name="test_unauthenticated_request_fails" time="0.007" /><testcase classname="tests.test_amusing_scenarios.TestAuthenticationState" name="test_invalid_token_fails" time="0.009" /><testcase classname="tests.test_amusing_scenarios.TestAuthenticationState" name="test_expired_token_handling" time="0.007" /><testcase classname="tests.test_amusing_scenarios.TestAuthenticationState" name="test_missing_bearer_prefix" time="0.008" /><testcase classname="tests.test_amusing_scenarios.TestAuthenticationState" name="test_empty_auth_header" time="0.009" /><testcase classname="tests.test_amusing_scenarios.TestProfileAccess" name="test_get_own_profile" time="0.420" /><testcase classname="tests.test_amusing_scenarios.TestProfileAccess" name="test_profile_contains_username" time="0.489" /><testcase classname="tests.test_amusing_scenarios.TestProfileAccess" name="test_profile_contains_email" time="0.620" /><testcase classname="tests.test_amusing_scenarios.TestProfileAccess" name="test_profile_has_uid" time="0.659" /><testcase classname="tests.test_amusing_scenarios.TestResponseFormat" name="test_login_response_format" time="0.665" /><testcase classname="tests.test_amusing_scenarios.TestResponseFormat" name="test_user_creation_response_has_uid" time="0.349" /><testcase classname="tests.test_amusing_scenarios.TestResponseFormat" name="test_user_response_contains_email" time="0.330" /><testcase classname="tests.test_auth" name="test_login_and_access_protected_route" time="0.692" /><testcase classname="tests.test_auth" name="test_login_invalid_credentials" time="0.012" /><testcase classname="tests.test_auth" name="test_login_missing_email_field" time="0.010" /><testcase classname="tests.test_auth" name="test_login_missing_password_field" time="0.013" /><testcase classname="tests.test_auth" name="test_login_empty_email" time="0.011" /><testcase classname="tests.test_auth" name="test_login_empty_password" time="0.012" /><testcase classname="tests.test_auth" name="test_token_expiry_and_refresh" time="0.674" /><testcase classname="tests.test_auth" name="test_access_without_token_fails" time="0.011" /><testcase classname="tests.test_auth" name="test_access_with_invalid_token_fails" time="0.011" /><testcase classname="tests.test_block" name="test_block_user_success" time="0.992" /><testcase classname="tests.test_block" name="test_block_self_fails" time="0.681" /><testcase classname="tests.test_block" name="test_block_duplicate_fails" time="0.998" /><testcase classname="tests.test_block" name="test_unblock_user_success" time="1.015" /><testcase classname="tests.test_block" name="test_unblock_nonexistent_fails" time="1.004" /><testcase classname="tests.test_block" name="test_get_blocked_users_list" time="1.364" /><testcase classname="tests.test_chat" name="test_open_chat_requires_friends" time="0.676" /><testcase classname="tests.test_chat" name="test_open_chat_with_friends_and_send_message" time="0.725" /><testcase classname="tests.test_chat" name="test_upload_attachment_saves_file_and_returns_meta" time="0.704" /><testcase classname="tests.test_chat" name="test_delete_message" time="0.697" /><testcase classname="tests.test_chat" name="test_send_empty_message_fails" time="0.683" /><testcase classname="tests.test_chat" name="test_get_all_chats_for_user" time="0.747" /><testcase classname="tests.test_edge_cases_fun.TestUsernameEdgeCases" name="test_username_with_numbers" time="0.334" /><testcase classname="tests.test_edge_cases_fun.TestUsernameEdgeCases" name="test_username_with_underscores" time="0.318" /><testcase classname="tests.test_edge_cases_fun.TestUsernameEdgeCases" name="test_email_with_plus_sign" time="0.394" /><testcase classname="tests.test_edge_cases_fun.TestUsernameEdgeCases" name="test_email_with_subdomain" time="0.310" /><testcase classname="tests.test_edge_cases_fun.TestPasswordEdgeCases" name="test_password_max_length" time="0.010" /><testcase classname="tests.test_edge_cases_fun.TestPasswordEdgeCases" name="test_password_with_special_chars" time="0.214" /><testcase classname="tests.test_edge_cases_fun.TestPasswordEdgeCases" name="test_password_with_spaces" time="0.211" /><testcase classname="tests.test_edge_cases_fun.TestPasswordEdgeCases" name="test_password_unicode_chars" time="0.209" /><testcase classname="tests.test_edge_cases_fun.TestLoginEdgeCases" name="test_login_case_sensitive_email" time="0.214" /><testcase classname="tests.test_edge_cases_fun.TestLoginEdgeCases" name="test_login_with_whitespace_in_email" time="0.211" /><testcase classname="tests.test_edge_cases_fun.TestLoginEdgeCases" name="test_login_with_null_password" time="0.008" /><testcase classname="tests.test_edge_cases_fun.TestPostEdgeCases" name="test_post_with_very_long_content" time="0.441" /><testcase classname="tests.test_edge_cases_fun.TestPostEdgeCases" name="test_post_with_empty_content" time="0.425" /><testcase classname="tests.test_edge_cases_fun.TestPostEdgeCases" name="test_post_with_special_chars" time="0.456" /><testcase classname="tests.test_edge_cases_fun.TestCommentEdgeCases" name="test_comment_with_html_tags" time="0.614" /><testcase classname="tests.test_edge_cases_fun.TestCommentEdgeCases" name="test_comment_with_mentions" time="0.650" /><testcase classname="tests.test_edge_cases_fun.TestFollowEdgeCases" name="test_follow_then_unfollow_then_follow_again" time="1.001" /><testcase classname="tests.test_edge_cases_fun.TestBlockEdgeCases" name="test_block_then_unblock" time="1.014" /><testcase classname="tests.test_follow" name="test_follow_user_success" time="0.998" /><testcase classname="tests.test_follow" name="test_follow_self_fails" time="0.661" /><testcase classname="tests.test_follow" name="test_follow_nonexistent_user_fails" time="0.657" /><testcase classname="tests.test_follow" name="test_follow_duplicate_fails" time="0.991" /><testcase classname="tests.test_follow" name="test_unfollow_user_success" time="0.974" /><testcase classname="tests.test_follow" name="test_unfollow_nonexistent_fails" time="1.007" /><testcase classname="tests.test_follow" name="test_get_followers_list" time="0.987" /><testcase classname="tests.test_follow" name="test_get_following_list" time="0.966" /><testcase classname="tests.test_fun_scenarios.TestNewsEdgeCases" name="test_news_with_special_characters_in_title" time="0.332" /><testcase classname="tests.test_fun_scenarios.TestNewsEdgeCases" name="test_news_pagination_bounds" time="0.019" /><testcase classname="tests.test_fun_scenarios.TestNewsEdgeCases" name="test_news_search_empty_query" time="0.012" /><testcase classname="tests.test_fun_scenarios.TestNewsEdgeCases" name="test_news_search_special_chars" time="0.012" /><testcase classname="tests.test_fun_scenarios.TestNotificationEdgeCases" name="test_notification_for_multiple_recipients" time="0.986" /><testcase classname="tests.test_fun_scenarios.TestNotificationEdgeCases" name="test_get_notifications_pagination" time="0.650" /><testcase classname="tests.test_fun_scenarios.TestDataValidation" name="test_integer_field_boundaries" time="0.014" /><testcase classname="tests.test_fun_scenarios.TestDataValidation" name="test_string_field_lengths" time="0.673" /><testcase classname="tests.test_fun_scenarios.TestConcurrentBehavior" name="test_multiple_posts_same_forum" time="0.568" /><testcase classname="tests.test_fun_scenarios.TestConcurrentBehavior" name="test_multiple_likes_same_post" time="2.234" /><testcase classname="tests.test_fun_scenarios.TestResourceDeletion" name="test_delete_own_posts_sequentially" time="0.469" /><testcase classname="tests.test_fun_scenarios.TestAuthenticationFlow" name="test_login_logout_login_cycle" time="0.617" /><testcase classname="tests.test_fun_scenarios.TestAuthenticationFlow" name="test_access_with_different_tokens" time="0.011" /><testcase classname="tests.test_fun_scenarios.TestErrorRecovery" name="test_recover_from_invalid_request" time="0.214" /><testcase classname="tests.test_fun_scenarios.TestErrorRecovery" name="test_recover_from_unauthorized_access" time="0.480" /><testcase classname="tests.test_help" name="test_create_help_report_with_message" time="0.564" /><testcase classname="tests.test_help" name="test_create_help_report_with_file" time="0.668" /><testcase classname="tests.test_help" name="test_get_all_help_reports_admin" time="0.970" /><testcase classname="tests.test_help" name="test_get_help_report_detail" time="0.662" /><testcase classname="tests.test_help" name="test_resolve_help_report" time="1.005" /><testcase classname="tests.test_help" name="test_delete_help_report" time="0.981" /><testcase classname="tests.test_help" name="test_get_user_help_reports" time="0.667" /><testcase classname="tests.test_help" name="test_update_help_report_status" time="1.009" /><testcase classname="tests.test_help" name="test_help_report_pagination" time="0.698" /><testcase classname="tests.test_main" name="test_root_returns_welcome_message" time="0.010" /><testcase classname="tests.test_milestone_200.TestFinalMilestone" name="test_two_hundredth_test" time="0.010" /><testcase classname="tests.test_news" name="test_list_public_news" time="0.012" /><testcase classname="tests.test_news" name="test_get_single_news" time="0.022" /><testcase classname="tests.test_news" name="test_get_unpublished_news_fails" time="0.015" /><testcase classname="tests.test_news" name="test_create_news_as_admin" time="0.671" /><testcase classname="tests.test_news" name="test_create_news_as_regular_user_fails" time="0.673" /><testcase classname="tests.test_news" name="test_update_news_as_admin" time="0.664" /><testcase classname="tests.test_news" name="test_delete_news_as_admin" time="0.664" /><testcase classname="tests.test_news" name="test_publish_news" time="0.668" /><testcase classname="tests.test_news" name="test_search_news" time="0.014" /><testcase classname="tests.test_news" name="test_news_pagination" time="0.017" /><testcase classname="tests.test_news" name="test_get_draft_news_as_admin" time="0.670" /><testcase classname="tests.test_notification" name="test_create_notification" time="0.670" /><testcase classname="tests.test_notification" name="test_get_all_notifications" time="0.684" /><testcase classname="tests.test_notification" name="test_get_admin_notifications" time="0.581" /><testcase classname="tests.test_notification" name="test_get_user_notifications" time="0.461" /><testcase classname="tests.test_notification" name="test_mark_notification_as_read" time="0.619" /><testcase classname="tests.test_notification" name="test_delete_notification" time="0.647" /><testcase classname="tests.test_notification" name="test_notification_about_follow" time="0.985" /><testcase classname="tests.test_notification" name="test_clear_all_notifications" time="0.644" /><testcase classname="tests.test_notification" name="test_get_unread_notification_count" time="0.679" /><testcase classname="tests.test_notification" name="test_notification_types" time="0.678" /><testcase classname="tests.test_performance.TestResponseTime" name="test_login_response_time" time="0.670" /><testcase classname="tests.test_performance.TestResponseTime" name="test_get_user_response_time" time="0.646" /><testcase classname="tests.test_performance.TestResponseTime" name="test_create_post_response_time" time="0.642" /><testcase classname="tests.test_performance.TestConcurrency" name="test_sequential_logins_simulates_concurrency" time="3.259" /><testcase classname="tests.test_performance.TestConcurrency" name="test_high_frequency_post_creation" time="0.721" /><testcase classname="tests.test_performance.TestConcurrency" name="test_sequential_likes_same_post" time="3.243" /><testcase classname="tests.test_performance.TestStress" name="test_sequential_post_creation" time="0.809" /><testcase classname="tests.test_performance.TestStress" name="test_sequential_comments" time="10.454" /><testcase classname="tests.test_performance.TestStress" name="test_sequential_user_creation" time="4.864" /><testcase classname="tests.test_performance.TestMemoryAndData" name="test_large_post_content" time="0.672" /><testcase classname="tests.test_performance.TestMemoryAndData" name="test_long_comment_thread" time="0.880" /><testcase classname="tests.test_performance.TestMemoryAndData" name="test_many_followers" time="3.848" /><testcase classname="tests.test_performance.TestErrorHandling" name="test_repeated_invalid_login_attempts" time="0.048" /><testcase classname="tests.test_performance.TestErrorHandling" name="test_repeated_validation_errors" time="0.044" /><testcase classname="tests.test_posts" name="test_create_post_and_comment_and_like" time="0.687" /><testcase classname="tests.test_posts" name="test_create_post_missing_forum" time="0.648" /><testcase classname="tests.test_posts" name="test_create_post_with_content" time="0.668" /><testcase classname="tests.test_posts" name="test_get_all_posts" time="0.686" /><testcase classname="tests.test_posts" name="test_get_nonexistent_post" time="0.011" /><testcase classname="tests.test_posts" name="test_delete_post_by_owner" time="0.669" /><testcase classname="tests.test_posts" name="test_comment_on_post" time="1.312" /><testcase classname="tests.test_posts" name="test_like_post_multiple_users" time="1.014" /><testcase classname="tests.test_quirky_conditions.TestBoundaryConditions" name="test_uid_boundary_access" time="0.011" /><testcase classname="tests.test_quirky_conditions.TestBoundaryConditions" name="test_very_large_uid" time="0.011" /><testcase classname="tests.test_quirky_conditions.TestBoundaryConditions" name="test_zero_uid" time="0.011" /><testcase classname="tests.test_quirky_conditions.TestBoundaryConditions" name="test_negative_uid" time="0.010" /><testcase classname="tests.test_quirky_conditions.TestBoundaryConditions" name="test_empty_password" time="0.011" /><testcase classname="tests.test_quirky_conditions.TestBoundaryConditions" name="test_none_password" time="0.015" /><testcase classname="tests.test_quirky_conditions.TestBoundaryConditions" name="test_empty_username" time="0.314" /><testcase classname="tests.test_quirky_conditions.TestBoundaryConditions" name="test_single_char_username" time="0.338" /><testcase classname="tests.test_quirky_conditions.TestCaseSensitivity" name="test_email_case_insensitive_register" time="0.322" /><testcase classname="tests.test_quirky_conditions.TestCaseSensitivity" name="test_username_case_sensitivity" time="0.635" /><testcase classname="tests.test_quirky_conditions.TestContentTypes" name="test_json_content_type" time="0.319" /><testcase classname="tests.test_quirky_conditions.TestContentTypes" name="test_missing_content_type" time="0.337" /><testcase classname="tests.test_quirky_conditions.TestNumericFields" name="test_string_uid_instead_of_int" time="0.010" /><testcase classname="tests.test_quirky_conditions.TestNumericFields" name="test_float_uid_instead_of_int" time="0.010" /><testcase classname="tests.test_quirky_conditions.TestNumericFields" name="test_scientific_notation_uid" time="0.011" /><testcase classname="tests.test_quirky_conditions.TestSpecialCharacters" name="test_username_with_emoji" time="0.336" /><testcase classname="tests.test_quirky_conditions.TestSpecialCharacters" name="test_email_with_special_domain" time="0.329" /><testcase classname="tests.test_quirky_conditions.TestSpecialCharacters" name="test_email_with_underscore" time="0.338" /><testcase classname="tests.test_quirky_conditions.TestSpecialCharacters" name="test_email_with_hyphen" time="0.333" /><testcase classname="tests.test_quirky_conditions.TestStringTrimming" name="test_username_with_leading_space" time="0.331" /><testcase classname="tests.test_quirky_conditions.TestStringTrimming" name="test_username_with_trailing_space" time="0.350" /><testcase classname="tests.test_quirky_conditions.TestStringTrimming" name="test_username_with_internal_spaces" time="0.344" /><testcase classname="tests.test_quirky_conditions.TestPasswordValidation" name="test_password_all_numbers" time="0.011" /><testcase classname="tests.test_quirky_conditions.TestPasswordValidation" name="test_password_all_letters" time="0.010" /><testcase classname="tests.test_quirky_conditions.TestPasswordValidation" name="test_password_all_lowercase" time="0.011" /><testcase classname="tests.test_quirky_conditions.TestPasswordValidation" name="test_passwords_dont_match" time="0.011" /><testcase classname="tests.test_quirky_conditions.TestPasswordValidation" name="test_case_sensitivity_in_password" time="0.323" /><testcase classname="tests.test_study_calendar" name="test_get_daily_progress_no_data_returns_zero" time="0.327" /><testcase classname="tests.test_study_calendar" name="test_start_and_stop_session_with_monkeypatched_upsert" time="0.359" /><testcase classname="tests.test_study_calendar" name="test_calendar_returns_entries" time="0.338" /><testcase classname="tests.test_study_calendar_integration" name="test_upsert_daily_progress_raw_sql_inserts_new_record" time="0.339" /><testcase classname="tests.test_study_calendar_integration" name="test_upsert_daily_progress_raw_sql_updates_existing_record" time="0.358" /><testcase classname="tests.test_study_calendar_integration" name="test_get_calendar_returns_daily_progress_across_month" time="0.341" /><testcase classname="tests.test_study_calendar_integration" name="test_get_daily_progress_returns_zeros_for_date_with_no_activity" time="0.336" /><testcase classname="tests.test_study_calendar_integration" name="test_timezone_conversion_in_calendar_query" time="0.349" /><testcase classname="tests.test_users" name="test_create_user_success" time="0.332" /><testcase classname="tests.test_users" name="test_create_user_duplicate_email" time="0.340" /><testcase classname="tests.test_users" name="test_get_user_with_auth" time="0.333" /><testcase classname="tests.test_users" name="test_upload_avatar_and_update_profile" time="0.691" /><testcase classname="tests.test_users" name="test_follow_unfollow_and_lists" time="1.311" /><testcase classname="tests.test_users" name="test_create_user_with_weak_password" time="0.011" /><testcase classname="tests.test_users" name="test_create_user_password_mismatch" time="0.011" /><testcase classname="tests.test_users" name="test_create_user_missing_username" time="0.011" /><testcase classname="tests.test_users" name="test_create_user_invalid_email" time="0.011" /><testcase classname="tests.test_users" name="test_get_nonexistent_user" time="0.011" /><testcase classname="tests.test_users" name="test_update_user_profile_not_found" time="0.010" /><testcase classname="tests.test_users" name="test_search_users_requires_auth" time="0.333" /><testcase classname="tests.test_users" name="test_get_user_by_email" time="0.334" /><testcase classname="tests.test_users" name="test_user_profile_view_own_profile" time="0.666" /></testsuite></testsuites>